# JRE version: OpenJDK Runtime Environment (8.0_112-b06) (build 1.8.0_112-release-b06)
# Java VM: OpenJDK 64-Bit Server VM (25.112-b06 mixed mode windows-amd64 compressed oops)
Heap:
 PSYoungGen      total 161280K, used 57954K [0x00000000e0000000, 0x00000000ee380000, 0x0000000100000000)
  eden space 137728K, 41% used [0x00000000e0000000,0x00000000e38789a8,0x00000000e8680000)
  from space 23552K, 0% used [0x00000000e8680000,0x00000000e86a0000,0x00000000e9d80000)
  to   space 24064K, 0% used [0x00000000ecc00000,0x00000000ecc00000,0x00000000ee380000)
 ParOldGen       total 156160K, used 38643K [0x00000000a0000000, 0x00000000a9880000, 0x00000000e0000000)
  object space 156160K, 24% used [0x00000000a0000000,0x00000000a25bce40,0x00000000a9880000)
 Metaspace       used 57970K, capacity 59973K, committed 60200K, reserved 1101824K
  class space    used 7780K, capacity 8166K, committed 8232K, reserved 1048576K
GC Heap History (10 events):
Event: 20.928 GC heap before
{Heap before GC invocations=14 (full 2):
 PSYoungGen      total 113152K, used 113151K [0x00000000e0000000, 0x00000000e9200000, 0x0000000100000000)
  eden space 101376K, 100% used [0x00000000e0000000,0x00000000e6300000,0x00000000e6300000)
  from space 11776K, 99% used [0x00000000e6300000,0x00000000e6e7fd70,0x00000000e6e80000)
  to   space 14336K, 0% used [0x00000000e8400000,0x00000000e8400000,0x00000000e9200000)
 ParOldGen       total 97280K, used 17526K [0x00000000a0000000, 0x00000000a5f00000, 0x00000000e0000000)
  object space 97280K, 18% used [0x00000000a0000000,0x00000000a111d9e8,0x00000000a5f00000)
 Metaspace       used 50995K, capacity 52670K, committed 52904K, reserved 1095680K
  class space    used 6908K, capacity 7249K, committed 7336K, reserved 1048576K
Event: 20.986 GC heap after
Heap after GC invocations=14 (full 2):
 PSYoungGen      total 130560K, used 14323K [0x00000000e0000000, 0x00000000ea200000, 0x0000000100000000)
  eden space 116224K, 0% used [0x00000000e0000000,0x00000000e0000000,0x00000000e7180000)
  from space 14336K, 99% used [0x00000000e8400000,0x00000000e91fcca8,0x00000000e9200000)
  to   space 18944K, 0% used [0x00000000e7180000,0x00000000e7180000,0x00000000e8400000)
 ParOldGen       total 97280K, used 25836K [0x00000000a0000000, 0x00000000a5f00000, 0x00000000e0000000)
  object space 97280K, 26% used [0x00000000a0000000,0x00000000a193b278,0x00000000a5f00000)
 Metaspace       used 50995K, capacity 52670K, committed 52904K, reserved 1095680K
  class space    used 6908K, capacity 7249K, committed 7336K, reserved 1048576K
}
Event: 25.020 GC heap before
{Heap before GC invocations=15 (full 2):
 PSYoungGen      total 130560K, used 129548K [0x00000000e0000000, 0x00000000ea200000, 0x0000000100000000)
  eden space 116224K, 99% used [0x00000000e0000000,0x00000000e7086738,0x00000000e7180000)
  from space 14336K, 99% used [0x00000000e8400000,0x00000000e91fcca8,0x00000000e9200000)
  to   space 18944K, 0% used [0x00000000e7180000,0x00000000e7180000,0x00000000e8400000)
 ParOldGen       total 97280K, used 25836K [0x00000000a0000000, 0x00000000a5f00000, 0x00000000e0000000)
  object space 97280K, 26% used [0x00000000a0000000,0x00000000a193b278,0x00000000a5f00000)
 Metaspace       used 57235K, capacity 59127K, committed 59160K, reserved 1099776K
  class space    used 7685K, capacity 8071K, committed 8104K, reserved 1048576K
Event: 25.049 GC heap after
Heap after GC invocations=15 (full 2):
 PSYoungGen      total 135168K, used 18915K [0x00000000e0000000, 0x00000000eba80000, 0x0000000100000000)
  eden space 116224K, 0% used [0x00000000e0000000,0x00000000e0000000,0x00000000e7180000)
  from space 18944K, 99% used [0x00000000e7180000,0x00000000e83f8c60,0x00000000e8400000)
  to   space 23040K, 0% used [0x00000000ea400000,0x00000000ea400000,0x00000000eba80000)
 ParOldGen       total 97280K, used 29794K [0x00000000a0000000, 0x00000000a5f00000, 0x00000000e0000000)
  object space 97280K, 30% used [0x00000000a0000000,0x00000000a1d18b00,0x00000000a5f00000)
 Metaspace       used 57235K, capacity 59127K, committed 59160K, reserved 1099776K
  class space    used 7685K, capacity 8071K, committed 8104K, reserved 1048576K
}
Event: 25.049 GC heap before
{Heap before GC invocations=16 (full 3):
 PSYoungGen      total 135168K, used 18915K [0x00000000e0000000, 0x00000000eba80000, 0x0000000100000000)
  eden space 116224K, 0% used [0x00000000e0000000,0x00000000e0000000,0x00000000e7180000)
  from space 18944K, 99% used [0x00000000e7180000,0x00000000e83f8c60,0x00000000e8400000)
  to   space 23040K, 0% used [0x00000000ea400000,0x00000000ea400000,0x00000000eba80000)
 ParOldGen       total 97280K, used 29794K [0x00000000a0000000, 0x00000000a5f00000, 0x00000000e0000000)
  object space 97280K, 30% used [0x00000000a0000000,0x00000000a1d18b00,0x00000000a5f00000)
 Metaspace       used 57235K, capacity 59127K, committed 59160K, reserved 1099776K
  class space    used 7685K, capacity 8071K, committed 8104K, reserved 1048576K
Event: 25.512 GC heap after
Heap after GC invocations=16 (full 3):
 PSYoungGen      total 135168K, used 0K [0x00000000e0000000, 0x00000000eba80000, 0x0000000100000000)
  eden space 116224K, 0% used [0x00000000e0000000,0x00000000e0000000,0x00000000e7180000)
  from space 18944K, 0% used [0x00000000e7180000,0x00000000e7180000,0x00000000e8400000)
  to   space 23040K, 0% used [0x00000000ea400000,0x00000000ea400000,0x00000000eba80000)
 ParOldGen       total 156160K, used 38635K [0x00000000a0000000, 0x00000000a9880000, 0x00000000e0000000)
  object space 156160K, 24% used [0x00000000a0000000,0x00000000a25bae40,0x00000000a9880000)
 Metaspace       used 57233K, capacity 59121K, committed 59160K, reserved 1099776K
  class space    used 7684K, capacity 8070K, committed 8104K, reserved 1048576K
}
Event: 25.569 GC heap before
{Heap before GC invocations=17 (full 3):
 PSYoungGen      total 135168K, used 115995K [0x00000000e0000000, 0x00000000eba80000, 0x0000000100000000)
  eden space 116224K, 99% used [0x00000000e0000000,0x00000000e7146c18,0x00000000e7180000)
  from space 18944K, 0% used [0x00000000e7180000,0x00000000e7180000,0x00000000e8400000)
  to   space 23040K, 0% used [0x00000000ea400000,0x00000000ea400000,0x00000000eba80000)
 ParOldGen       total 156160K, used 38635K [0x00000000a0000000, 0x00000000a9880000, 0x00000000e0000000)
  object space 156160K, 24% used [0x00000000a0000000,0x00000000a25bae40,0x00000000a9880000)
 Metaspace       used 57251K, capacity 59145K, committed 59304K, reserved 1099776K
  class space    used 7690K, capacity 8076K, committed 8104K, reserved 1048576K
Event: 25.572 GC heap after
Heap after GC invocations=17 (full 3):
 PSYoungGen      total 154624K, used 288K [0x00000000e0000000, 0x00000000eb480000, 0x0000000100000000)
  eden space 137728K, 0% used [0x00000000e0000000,0x00000000e0000000,0x00000000e8680000)
  from space 16896K, 1% used [0x00000000ea400000,0x00000000ea448000,0x00000000eb480000)
  to   space 23552K, 0% used [0x00000000e8680000,0x00000000e8680000,0x00000000e9d80000)
 ParOldGen       total 156160K, used 38635K [0x00000000a0000000, 0x00000000a9880000, 0x00000000e0000000)
  object space 156160K, 24% used [0x00000000a0000000,0x00000000a25bae40,0x00000000a9880000)
 Metaspace       used 57251K, capacity 59145K, committed 59304K, reserved 1099776K
  class space    used 7690K, capacity 8076K, committed 8104K, reserved 1048576K
}
Event: 25.600 GC heap before
{Heap before GC invocations=18 (full 3):
 PSYoungGen      total 154624K, used 137013K [0x00000000e0000000, 0x00000000eb480000, 0x0000000100000000)
  eden space 137728K, 99% used [0x00000000e0000000,0x00000000e8585490,0x00000000e8680000)
  from space 16896K, 1% used [0x00000000ea400000,0x00000000ea448000,0x00000000eb480000)
  to   space 23552K, 0% used [0x00000000e8680000,0x00000000e8680000,0x00000000e9d80000)
 ParOldGen       total 156160K, used 38635K [0x00000000a0000000, 0x00000000a9880000, 0x00000000e0000000)
  object space 156160K, 24% used [0x00000000a0000000,0x00000000a25bae40,0x00000000a9880000)
 Metaspace       used 57251K, capacity 59145K, committed 59304K, reserved 1099776K
  class space    used 7690K, capacity 8076K, committed 8104K, reserved 1048576K
Event: 25.603 GC heap after
Heap after GC invocations=18 (full 3):
 PSYoungGen      total 161280K, used 128K [0x00000000e0000000, 0x00000000ee380000, 0x0000000100000000)
  eden space 137728K, 0% used [0x00000000e0000000,0x00000000e0000000,0x00000000e8680000)
  from space 23552K, 0% used [0x00000000e8680000,0x00000000e86a0000,0x00000000e9d80000)
  to   space 24064K, 0% used [0x00000000ecc00000,0x00000000ecc00000,0x00000000ee380000)
 ParOldGen       total 156160K, used 38643K [0x00000000a0000000, 0x00000000a9880000, 0x00000000e0000000)
  object space 156160K, 24% used [0x00000000a0000000,0x00000000a25bce40,0x00000000a9880000)
 Metaspace       used 57251K, capacity 59145K, committed 59304K, reserved 1099776K
  class space    used 7690K, capacity 8076K, committed 8104K, reserved 1048576K
}

